0000000000000000 a __start__
0000000000000000 T _start
0000000000000000 b _TLS_MODULE_BASE_
0000000000000000 0000000000000004 b fsdev_last_result
0000000000000008 0000000000000401 B __nx_dev_path_buf
00000000000000e0 T __nx_exit
00000000000000f0 T __nx_mod0
0000000000000140 0000000000000034 T exit
0000000000000180 00000000000000f4 T main
0000000000000280 t __do_global_dtors_aux
00000000000002e0 t frame_dummy
0000000000000310 0000000000000018 t _appletInfiniteSleepLoop
0000000000000330 0000000000000108 t _appletCmdGetSession
000000000000040c 0000000000000004 b g_fsPriority
0000000000000440 00000000000000cc t _appletCmdInU8NoOut
0000000000000510 00000000000000cc t _appletCmdInU32NoOut
00000000000005e0 000000000000012c t _appletGetSessionProxy.constprop.0
0000000000000710 0000000000000148 t _appletOpenLibraryAppletProxy.constprop.0
0000000000000860 00000000000000f8 t _appletCmdGetEvent
0000000000000960 00000000000000d4 t _appletCmdNoInOutU8.isra.0
0000000000000a40 00000000000000d4 t _appletCmdNoInOutU32.isra.0
0000000000000b20 00000000000000d4 t _appletCmdNoInOutU64.isra.0
0000000000000c00 00000000000000c0 t _appletCmdNoIO.isra.0
0000000000000cc0 0000000000000010 T appletGetAppletType
0000000000000cd0 00000000000001b8 T appletSetFocusHandlingMode
0000000000000e90 000000000000005c T appletSetCpuBoostMode
0000000000000ef0 000000000000002c T appletCreateManagedDisplayLayer
0000000000000f20 000000000000000c T appletGetAppletResourceUserId
0000000000000f30 0000000000000138 t _appletHolderCreateState
0000000000001070 00000000000000b0 T appletHolderClose
0000000000001120 0000000000000024 T appletHolderGetLibraryAppletInfo
0000000000001150 0000000000000090 T appletNotifyRunning
00000000000011e0 0000000000000078 T appletSetGamePlayRecordingState
0000000000001260 0000000000000ad4 t _appletCleanup
0000000000001d40 0000000000000048 T appletExit
0000000000001d90 0000000000000040 T appletGetLibraryAppletInfo
0000000000001dd0 0000000000000c14 T appletInitialize
00000000000029f0 0000000000000024 t _appletExitProcess
0000000000002a20 0000000000000074 T appletGetMessage
0000000000002aa0 0000000000000264 T appletProcessMessage
0000000000002d10 0000000000000034 T appletMainLoop
0000000000002d50 0000000000000078 t _i2cCleanup
0000000000002dd0 0000000000000098 T i2cInitialize
0000000000002e70 0000000000000104 T i2cOpenSession
0000000000002f80 0000000000000138 T i2csessionSendAuto
00000000000030c0 0000000000000064 T i2csessionClose
0000000000003130 00000000000000cc t _smCmifCmdInPid
0000000000003200 0000000000000078 t _smCleanup
0000000000003280 0000000000000048 T smAddOverrideHandle
00000000000032d0 0000000000000054 T smGetServiceOverride
0000000000003330 00000000000001ac T smInitialize
00000000000034e0 0000000000000048 T smExit
0000000000003530 00000000000000d0 T smGetServiceOriginal
0000000000003600 0000000000000120 T smGetServiceWrapper
0000000000003720 000000000000001c W diagAbortWithResult
0000000000003740 0000000000000208 T envSetup
0000000000003950 0000000000000020 T envGetMainThreadHandle
0000000000003970 000000000000000c T envIsNso
0000000000003980 0000000000000014 T envHasHeapOverride
00000000000039a0 000000000000000c T envGetHeapOverrideAddr
00000000000039b0 000000000000000c T envGetHeapOverrideSize
00000000000039c0 0000000000000014 T envHasArgv
00000000000039e0 000000000000000c T envGetArgv
00000000000039f0 000000000000000c T envGetExitFuncPtr
0000000000003a00 000000000000000c T envSetExitFuncPtr
0000000000003a10 000000000000000c T envHasRandomSeed
0000000000003a20 0000000000000010 T envGetRandomSeed
0000000000003a30 0000000000000014 T hosversionGet
0000000000003a50 0000000000000010 T hosversionSet
0000000000003a60 000000000000009c T padConfigureInput
0000000000003b00 0000000000000024 T padInitializeWithMask
0000000000003b30 0000000000000294 T padUpdate
0000000000003dd0 0000000000000050 t consoleDrawChar
0000000000003e20 00000000000000b8 t consoleNewRow
0000000000003ee0 0000000000000194 t consolePrintChar.part.0
0000000000004080 0000000000000dd4 t con_write
0000000000004e60 0000000000000160 T consoleInit
0000000000004fc0 0000000000000044 T consoleExit
0000000000005010 000000000000002c T consoleUpdate
0000000000005040 00000000000001bc t ConsoleSwRenderer_drawChar
0000000000005200 00000000000000e8 t ConsoleSwRenderer_init
00000000000052f0 0000000000000078 t ConsoleSwRenderer_flushAndSwap
0000000000005370 00000000000000ec t ConsoleSwRenderer_scrollWindow
0000000000005460 0000000000000050 t ConsoleSwRenderer_deinit
00000000000054b0 000000000000000c W getDefaultConsoleRenderer
00000000000054bc T svcSetHeapSize
00000000000054d0 T svcSetMemoryPermission
00000000000054d8 T svcSetMemoryAttribute
00000000000054e0 T svcUnmapMemory
00000000000054e8 T svcQueryMemory
00000000000054fc T svcExitProcess
0000000000005504 T svcSleepThread
000000000000550c T svcMapSharedMemory
0000000000005514 T svcUnmapSharedMemory
000000000000551c T svcCreateTransferMemory
0000000000005530 T svcCloseHandle
0000000000005538 T svcResetSignal
0000000000005540 T svcWaitSynchronization
0000000000005554 T svcArbitrateLock
000000000000555c T svcArbitrateUnlock
0000000000005564 T svcWaitProcessWideKeyAtomic
000000000000556c T svcSignalProcessWideKey
0000000000005574 T svcConnectToNamedPort
0000000000005588 T svcSendSyncRequest
0000000000005590 T svcBreak
0000000000005598 T svcReturnFromException
00000000000055a0 T svcGetInfo
00000000000055b4 T svcUnmapTransferMemory
00000000000055c0 000000000000000c T eventLoadRemote
00000000000055d0 0000000000000034 T eventWait
0000000000005610 0000000000000054 T eventClose
0000000000005670 00000000000000c8 T mutexLock
0000000000005740 0000000000000068 T mutexUnlock
00000000000057b0 000000000000001c T mutexIsLockedByCurrentThread
00000000000057d0 0000000000000058 T rmutexLock
0000000000005830 000000000000001c T rmutexUnlock
0000000000005850 00000000000000a8 T tmemCreate
0000000000005900 0000000000000034 T tmemUnmap
0000000000005940 0000000000000030 T tmemCloseHandle
0000000000005970 000000000000009c T tmemWaitForPermission
0000000000005a10 0000000000000050 T tmemClose
0000000000005a60 0000000000000064 t _memregionInitWithInfo
0000000000005ad0 0000000000000004 W __libnx_virtmem_rng
0000000000005ae0 0000000000000164 t _memregionFindRandom
0000000000005c50 0000000000000140 T virtmemSetup
0000000000005d90 000000000000000c T virtmemLock
0000000000005da0 000000000000000c T virtmemUnlock
0000000000005db0 0000000000000050 T virtmemFindAslr
0000000000005e00 000000000000057c T waitObjects
0000000000006380 00000000000000d4 t _apmCleanup
0000000000006460 0000000000000194 T apmInitialize
0000000000006600 0000000000000048 T apmExit
0000000000006650 00000000000000c8 T apmSetPerformanceConfiguration
0000000000006720 000000000000012c t _hidCleanup
0000000000006850 00000000000000d4 t _hidCmdInAruidNoOut
0000000000006930 00000000000000e0 t _hidCmdInU32AruidNoOut
0000000000006a10 0000000000000194 t _hidGetStates
0000000000006bb0 000000000000026c T hidInitialize
0000000000006e20 0000000000000048 T hidExit
0000000000006e70 000000000000000c T hidGetSharedmemAddr
0000000000006e80 0000000000000090 T hidGetNpadStyleSet
0000000000006f10 0000000000000084 T hidInitializeNpad
0000000000006fa0 00000000000000a4 T hidGetNpadStatesFullKey
0000000000007050 00000000000000a4 T hidGetNpadStatesHandheld
0000000000007100 00000000000000a4 T hidGetNpadStatesJoyDual
00000000000071b0 00000000000000a4 T hidGetNpadStatesJoyLeft
0000000000007260 00000000000000a4 T hidGetNpadStatesJoyRight
0000000000007310 0000000000000144 T hidGetNpadStatesGc
0000000000007460 00000000000000a8 T hidGetNpadStatesSystemExt
0000000000007510 0000000000000008 T hidSetSupportedNpadStyleSet
0000000000007520 0000000000000100 T hidSetSupportedNpadIdType
0000000000007620 000000000000000c T nwindowGetDefault
0000000000007630 00000000000000a4 T __nx_win_init
00000000000076e0 0000000000000034 T __nx_win_exit
0000000000007720 000000000000008c T framebufferMakeLinear
00000000000077b0 0000000000000084 T framebufferClose
0000000000007840 0000000000000290 T framebufferCreate
0000000000007ad0 000000000000007c T framebufferBegin
0000000000007b50 0000000000000190 T framebufferEnd
0000000000007ce0 0000000000000024 T nwindowIsValid
0000000000007d10 000000000000007c T nwindowClose
0000000000007d90 00000000000000f8 T nwindowCreate
0000000000007e90 0000000000000038 T nwindowCreateFromLayer
0000000000007ed0 0000000000000084 T nwindowSetDimensions
0000000000007f60 0000000000000180 T nwindowConfigureBuffer
00000000000080e0 00000000000001cc T nwindowDequeueBuffer
00000000000082b0 000000000000012c T nwindowQueueBuffer
00000000000083e0 00000000000000bc T nwindowReleaseBuffers
00000000000084a0 0000000000000004 W __libnx_alloc
00000000000084b0 0000000000000014 W __libnx_aligned_alloc
00000000000084d0 0000000000000004 W __libnx_free
00000000000084e0 0000000000000314 W argvSetup
0000000000008800 00000000000001fc T __nx_dynamic
0000000000008a00 00000000000000d0 W __libnx_initheap
0000000000008ad0 00000000000000ec W __appInit
0000000000008bc0 0000000000000044 W __appExit
0000000000008c10 000000000000002c W __libnx_init
0000000000008c40 000000000000001c W __libnx_exit
0000000000008c60 000000000000001c T __syscall_exit
0000000000008c80 0000000000000034 T __syscall_getreent
0000000000008cc0 0000000000000004 T __syscall_lock_acquire
0000000000008cd0 0000000000000004 T __syscall_lock_release
0000000000008ce0 0000000000000004 T __syscall_lock_acquire_recursive
0000000000008cf0 0000000000000004 T __syscall_lock_release_recursive
0000000000008d00 000000000000025c T __libnx_init_time
0000000000008f60 0000000000000098 T newlibSetup
0000000000009000 00000000000000e8 T nxlinkSetup
00000000000090f0 0000000000000010 t fsdev_link
0000000000009100 0000000000000010 t fsdev_dirreset
0000000000009110 0000000000000010 t fsdev_chmod
0000000000009120 0000000000000018 t error_cmp
0000000000009140 0000000000000020 t fsdev_dirclose
0000000000009160 000000000000001c t fsdev_close
0000000000009180 0000000000000074 t fsdev_converttimetoutc
0000000000009200 00000000000000d4 t fsdevFindDevice.part.0
00000000000092e0 00000000000001cc t fsdev_fixpath
00000000000094b0 000000000000009c t _fsdevUnmountDeviceStruct.part.0
0000000000009550 0000000000000010 t fsdev_fchmod
0000000000009560 0000000000000100 t fsdev_diropen
0000000000009660 00000000000000f8 t fsdev_statvfs
0000000000009760 000000000000007c t fsdev_fsync
00000000000097e0 00000000000000ec t fsdev_fstat
00000000000098d0 0000000000000094 t fsdev_ftruncate
0000000000009970 00000000000001d8 t fsdev_stat
0000000000009b50 000000000000014c t fsdev_rename
0000000000009ca0 000000000000013c t fsdev_chdir
0000000000009de0 00000000000000a4 t fsdev_rmdir
0000000000009e90 00000000000000a4 t fsdev_mkdir
0000000000009f40 00000000000000a4 t fsdev_unlink
0000000000009ff0 000000000000013c t fsdev_write_safe
000000000000a130 0000000000000134 t fsdev_read_safe
000000000000a270 0000000000000100 t fsdev_read
000000000000a370 00000000000001d4 t fsdev_dirnext
000000000000a550 0000000000000124 t fsdev_write
000000000000a680 0000000000000110 t fsdev_seek
000000000000a790 0000000000000230 t fsdev_open
000000000000a9c0 0000000000000324 T fsdevMountDevice
000000000000acf0 0000000000000040 T fsdevMountSdmc
000000000000ad30 00000000000000bc T __libnx_init_cwd
000000000000adf0 0000000000000064 T fsdevUnmountAll
000000000000ae60 0000000000000128 T decode_utf8
000000000000af88 T armDCacheFlush
000000000000afb8 t armDCacheFlush_L0
000000000000afd4 W __libnx_exception_entry
000000000000b060 t __libnx_exception_entry_start
000000000000b188 t __libnx_exception_entry_abort
000000000000b18c t __libnx_exception_entry_end
000000000000b194 T __libnx_exception_returnentry
000000000000b1ac T __aarch64_read_tp
000000000000b1c0 0000000000000070 T condvarWaitTimeout
000000000000b230 0000000000000410 T randomGet
000000000000b640 0000000000000020 T randomGet64
000000000000b660 0000000000000014 T shmemLoadRemote
000000000000b680 0000000000000070 T shmemMap
000000000000b6f0 0000000000000034 T shmemUnmap
000000000000b730 000000000000004c T shmemClose
000000000000b780 00000000000000b0 T __libnx_init_thread
000000000000b830 00000000000000b4 t _fsCleanup
000000000000b8f0 00000000000001c0 t _fsCmdNoIO
000000000000bab0 00000000000001e0 t _fsFsCmdWithInPath
000000000000bc90 00000000000001f8 t _fsFsCmdWithTwoInPaths
000000000000be90 000000000000028c t _fsFsOpenCommon
000000000000c120 00000000000001fc t _fsFsCmdWithInPathAndOutU64
000000000000c320 00000000000000f8 t _fsObjectClose
000000000000c420 000000000000017c t _fsCmdGetSession.constprop.0
000000000000c5a0 00000000000002f8 T fsInitialize
000000000000c8a0 0000000000000048 T fsExit
000000000000c8f0 0000000000000008 T fsOpenSdCardFileSystem
000000000000c900 00000000000001ec T fsFsCreateFile
000000000000caf0 0000000000000008 T fsFsDeleteFile
000000000000cb00 0000000000000008 T fsFsCreateDirectory
000000000000cb10 0000000000000008 T fsFsDeleteDirectory
000000000000cb20 0000000000000008 T fsFsRenameFile
000000000000cb30 0000000000000008 T fsFsRenameDirectory
000000000000cb40 00000000000001f0 T fsFsGetEntryType
000000000000cd30 0000000000000008 T fsFsOpenFile
000000000000cd40 0000000000000008 T fsFsOpenDirectory
000000000000cd50 0000000000000008 T fsFsGetFreeSpace
000000000000cd60 0000000000000008 T fsFsGetTotalSpace
000000000000cd70 0000000000000230 T fsFsGetFileTimeStampRaw
000000000000cfa0 0000000000000004 T fsFsClose
000000000000cfb0 0000000000000214 T fsFileRead
000000000000d1d0 00000000000001f8 T fsFileWrite
000000000000d3d0 0000000000000008 T fsFileFlush
000000000000d3e0 00000000000001c0 T fsFileSetSize
000000000000d3e0 00000000000001c0 t fsFileSetSize.localalias
000000000000d5a0 00000000000001d4 T fsFileGetSize
000000000000d5a0 00000000000001d4 t fsFileGetSize.localalias
000000000000d780 0000000000000004 T fsFileClose
000000000000d790 0000000000000004 T fsDirClose
000000000000d7a0 0000000000000204 T fsDirRead
000000000000d9b0 00000000000000d0 t _nvCleanup
000000000000da80 00000000000000d4 t _nvCmdInitialize.constprop.0
000000000000db60 0000000000000018 W __nx_nv_create_tmem
000000000000db80 00000000000003a8 T nvInitialize
000000000000df30 0000000000000048 T nvExit
000000000000df80 00000000000000f4 T nvConvertError
000000000000e080 0000000000000114 T nvOpen
000000000000e1a0 0000000000000310 T nvIoctl
000000000000e4b0 00000000000000d4 T nvClose
000000000000e590 000000000000010c T nvQueryEvent
000000000000e6a0 00000000000000d0 t _setsysGetFirmwareVersionImpl
000000000000e770 0000000000000078 t _setsysCleanup
000000000000e7f0 00000000000000a0 T setsysInitialize
000000000000e890 0000000000000048 T setsysExit
000000000000e8e0 0000000000000048 T setsysGetFirmwareVersion
000000000000e930 000000000000027c t _timeCleanup
000000000000ebb0 0000000000000100 t _timeCmdGetSession.constprop.0
000000000000ecb0 0000000000000104 t _timeReadClockFromSharedMem
000000000000edc0 0000000000000300 T timeInitialize
000000000000f0c0 0000000000000048 T timeExit
000000000000f110 0000000000000038 T timeGetServiceSession_SystemClock
000000000000f150 00000000000000fc T timeGetCurrentTime
000000000000f250 0000000000000108 T timeToCalendarTimeWithMyRule
000000000000f360 0000000000000114 T timeToPosixTimeWithMyRule
000000000000f480 0000000000000230 t _viCleanup
000000000000f6b0 0000000000000100 t _viCmdGetSessionNoParams.constprop.0
000000000000f7b0 0000000000000368 T viInitialize
000000000000fb20 0000000000000048 T viExit
000000000000fb70 000000000000000c T viGetSession_IHOSBinderDriverRelay
000000000000fb80 000000000000010c T viOpenDisplay
000000000000fc90 00000000000000ec T viCloseDisplay
000000000000fd80 00000000000000f4 T viCloseLayer
000000000000fe80 0000000000000394 T viCreateLayer
0000000000010220 00000000000000d8 T viSetLayerScalingMode
0000000000010300 0000000000000074 t _nvFenceCleanup
0000000000010380 0000000000000098 T nvFenceInit
0000000000010420 0000000000000048 T nvFenceExit
0000000000010470 0000000000000290 T nvFenceWait
0000000000010700 000000000000007c T nvMultiFenceWait
0000000000010780 00000000000000ac T nvMapInit
0000000000010830 0000000000000074 T nvMapExit
00000000000108b0 000000000000008c T nvMapClose
0000000000010940 0000000000000160 T nvMapCreate
0000000000010aa0 0000000000000024 T nvioctlNvhostCtrl_EventSignal
0000000000010ad0 000000000000003c T nvioctlNvhostCtrl_EventWait
0000000000010b10 0000000000000028 T nvioctlNvhostCtrl_EventWaitAsync
0000000000010b40 0000000000000024 T nvioctlNvhostCtrl_EventRegister
0000000000010b70 0000000000000024 T nvioctlNvhostCtrl_EventUnregister
0000000000010ba0 000000000000003c T nvioctlNvmap_Create
0000000000010be0 0000000000000030 T nvioctlNvmap_Alloc
0000000000010c10 0000000000000030 T nvioctlNvmap_Free
0000000000010c40 000000000000003c T nvioctlNvmap_GetId
0000000000010c80 000000000000001c T binderCreate
0000000000010ca0 000000000000035c T binderTransactParcel
0000000000011000 00000000000000e8 T binderConvertErrorCode
00000000000110f0 0000000000000124 T binderAdjustRefcount
0000000000011220 000000000000009c T binderInitSession
00000000000112c0 000000000000005c T binderClose
0000000000011320 0000000000000154 T binderGetNativeHandle
0000000000011480 00000000000000c8 T bqRequestBuffer
0000000000011550 0000000000000128 T bqDequeueBuffer
0000000000011680 00000000000000c8 T bqQueueBuffer
0000000000011750 0000000000000084 T bqCancelBuffer
00000000000117e0 00000000000000d0 T bqConnect
00000000000118b0 0000000000000088 T bqDisconnect
0000000000011940 0000000000000194 T bqSetPreallocatedBuffer
0000000000011ae0 0000000000000030 T parcelCreate
0000000000011b10 0000000000000174 T parcelTransact
0000000000011c90 0000000000000080 T parcelWriteData
0000000000011d10 0000000000000088 T parcelReadData
0000000000011da0 0000000000000020 T parcelWriteInt32
0000000000011dc0 0000000000000020 T parcelWriteUInt32
0000000000011de0 000000000000007c T parcelWriteString16
0000000000011e60 0000000000000030 T parcelWriteInterfaceToken
0000000000011e90 0000000000000024 T parcelReadInt32
0000000000011ec0 0000000000000068 T parcelReadFlattenedObject
0000000000011f30 0000000000000044 T parcelWriteFlattenedObject
0000000000011f80 0000000000000184 T sessionmgrCreate
0000000000012110 0000000000000084 T sessionmgrClose
00000000000121a0 00000000000000a8 T sessionmgrAttachClient
0000000000012250 0000000000000060 T sessionmgrDetachClient
00000000000122c0 0000000000000104 T memset
00000000000123e0 0000000000000034 T setenv
0000000000012440 0000000000000134 T strcmp
0000000000012580 00000000000001b4 T strncmp
0000000000012740 000000000000001c t stdio_exit_handler
0000000000012760 000000000000006c t cleanup_stdio
00000000000127e0 0000000000000134 t global_stdio_init.part.0
0000000000012920 000000000000000c T __sfp_lock_acquire
0000000000012940 000000000000000c T __sfp_lock_release
0000000000012960 0000000000000054 T __sinit
00000000000129c0 00000000000001a4 t _strtoul_l.isra.0
0000000000012b80 0000000000000040 T strtoul
0000000000012bc0 00000000000000a4 T __libc_init_array
0000000000012c80 0000000000000088 T strncat
0000000000012d20 0000000000000098 T _fwalk_sglue
0000000000012dc0 00000000000000b4 T bsearch
0000000000012e80 0000000000000014 T __errno
0000000000012ea0 000000000000002c T aligned_alloc
0000000000012ee0 00000000000000d4 T _puts_r
0000000000012fc0 000000000000001c T puts
0000000000013000 000000000000022c T memcpy
0000000000013000 T memmove
0000000000013240 0000000000000840 T _malloc_r
0000000000013a80 000000000000011c T _malloc_trim_r
0000000000013ba0 00000000000002d8 T _free_r
0000000000013e80 0000000000000038 T malloc
0000000000013ec0 000000000000001c T free
0000000000013ee0 0000000000000028 T gmtime
0000000000013f40 0000000000000130 T strlen
0000000000014080 00000000000000b8 T strnlen
0000000000014140 000000000000000c T __malloc_lock
0000000000014160 000000000000000c T __malloc_unlock
0000000000014180 0000000000000258 T _setenv_r
00000000000143e0 0000000000000004 W __call_exitprocs
0000000000014400 0000000000000278 T setvbuf
0000000000014680 00000000000000ac T strncpy
0000000000014740 00000000000004a4 T __sfvwrite_r
0000000000014c00 000000000000004c T __sread
0000000000014c60 0000000000000070 T __swrite
0000000000014ce0 0000000000000050 T __sseek
0000000000014d40 0000000000000008 T __sclose
0000000000014d60 000000000000000c T __env_lock
0000000000014d80 000000000000000c T __env_unlock
0000000000014da0 0000000000000130 T _fclose_r
0000000000014ee0 00000000000002a0 T gmtime_r
0000000000015180 000000000000018c T _memalign_r
0000000000015340 00000000000000dc T memchr
0000000000015440 00000000000000cc T strchr
0000000000015520 0000000000000044 T __libc_fini_array
0000000000015580 00000000000001ec T __sflush_r
0000000000015780 00000000000000bc T _fflush_r
0000000000015840 00000000000000b0 T __swhatbuf_r
0000000000015900 00000000000000e8 T __smakebuf_r
0000000000015a00 00000000000000f4 T _findenv_r
0000000000015b00 0000000000000568 T _realloc_r
0000000000016080 000000000000012c T __swsetup_r
00000000000161c0 0000000000000020 T _exit
00000000000161e0 000000000000016c T chdir
0000000000016360 0000000000000218 T _concatenate_path
0000000000016580 000000000000009c T _fstat_r
0000000000016620 0000000000000020 T __getreent
0000000000016640 0000000000000060 T __get_handle
00000000000166a0 00000000000000f4 T _close_r
00000000000167a0 0000000000000008 t null_write
00000000000167c0 0000000000000018 T setDefaultDevice
00000000000167e0 0000000000000110 T FindDevice
0000000000016900 0000000000000034 T RemoveDevice
0000000000016940 00000000000000c4 T AddDevice
0000000000016a20 0000000000000034 T GetDeviceOpTab
0000000000016a60 0000000000000008 T _isatty_r
0000000000016a80 00000000000000a0 T _lseek_r
0000000000016b20 00000000000000b0 T _read_r
0000000000016be0 0000000000000078 W _sbrk_r
0000000000016c60 0000000000000014 T __libc_lock_acquire
0000000000016c80 0000000000000014 T __libc_lock_release
0000000000016ca0 0000000000000014 T __libc_lock_acquire_recursive
0000000000016cc0 0000000000000014 T __libc_lock_release_recursive
0000000000016ce0 00000000000000b0 T _write_r
0000000000016dc0 0000000000000104 T strrchr
0000000000016ec8 T _init
0000000000016f00 T _fini
0000000000017190 0000000000000014 r CSWTCH.1000
0000000000017320 0000000000000018 r grayScale
0000000000017338 0000000000000006 r colorCube
0000000000017340 0000000000000030 r colorTable
0000000000017370 R default_font_bin
0000000000019370 R default_font_bin_end
0000000000019370 0000000000000038 r g_nvColorFmtTable
00000000000193a8 0000000000000024 r s_emptyFence.0
00000000000193d0 0000000000000020 r error_table
0000000000019480 0000000000000023 r g_bq_InterfaceDescriptor
00000000000194a8 0000000000000101 R _ctype_
00000000000195b0 r __tls_align
00000000000195b8 r __EH_FRAME_BEGIN__
00000000000195b8 r __eh_frame_hdr_end
00000000000195b8 r __eh_frame_hdr_start
000000000001d93c r __FRAME_END__
000000000001e000 d __frame_dummy_init_array_entry
000000000001e000 d __init_array_start
000000000001e000 d __preinit_array_end
000000000001e000 d __preinit_array_start
000000000001e000 d __relro_start
000000000001e008 d __do_global_dtors_aux_fini_array_entry
000000000001e008 d __fini_array_start
000000000001e008 d __init_array_end
000000000001e010 d __fini_array_end
000000000001e010 0000000000000100 d dotab_stdout
000000000001e110 0000000000000100 d fsdev_devoptab
000000000001e210 0000000000000100 D dotab_stdnull
000000000001e310 a _DYNAMIC
000000000001e460 d __got_start__
000000000001e460 a _GLOBAL_OFFSET_TABLE_
000000000001e6b0 d __got_end__
000000000001f000 d __data_start
000000000001f000 0000000000000008 V __nx_applet_init_timeout
000000000001f008 0000000000000001 V __nx_applet_auto_notifyrunning
000000000001f00c 0000000000000004 V __nx_applet_type
000000000001f010 0000000000000008 d currentConsole
000000000001f018 0000000000000050 d defaultConsole
000000000001f068 0000000000000088 d s_consoleSwRenderer
000000000001f0f0 0000000000000008 V __nx_exception_stack_size
000000000001f0f8 0000000000000001 V __nx_fsdev_support_cwd
000000000001f0fc 0000000000000004 V __nx_fsdev_direntry_cache_size
000000000001f100 0000000000000004 V __nx_fs_num_sessions
000000000001f104 0000000000000004 V __nx_nv_transfermem_size
000000000001f108 0000000000000004 V __nx_nv_service_type
000000000001f10c 0000000000000004 d g_viServiceType
000000000001f110 0000000000000004 V __nx_vi_stray_layer_flags
000000000001f114 0000000000000004 d g_ctrl_fd
000000000001f118 0000000000000004 d g_nvmap_fd
000000000001f120 0000000000000018 D __sglue
000000000001f138 0000000000000008 D __malloc_sbrk_base
000000000001f140 0000000000000008 D __malloc_trim_threshold
000000000001f148 0000000000000810 D __malloc_av_
000000000001f958 0000000000000008 D _impure_ptr
000000000001f960 0000000000000180 D _impure_data
000000000001fae0 0000000000000008 D environ
000000000001faf0 0000000000000400 d _current_working_directory
000000000001ff00 0000000000002000 d handles
0000000000021f00 0000000000000010 d __stderr_handle
0000000000021f10 0000000000000010 d __stdout_handle
0000000000021f20 0000000000000010 d __stdin_handle
0000000000021f30 0000000000000118 D devoptab_list
0000000000022048 0000000000000004 d defaultDevice
0000000000022050 b __bss_start__
0000000000022050 d __tdata_lma
0000000000022050 d __tdata_lma_end
0000000000022050 b completed.1
0000000000022058 b object.0
0000000000022088 0000000000000010 B session
0000000000022098 0000000000000001 B ledState
00000000000220a0 0000000000000008 b g_appletGuard
00000000000220a8 0000000000000001 b g_appletInfoInitialized
00000000000220b0 0000000000000050 b g_appletInfo
0000000000022100 0000000000000004 b g_appletCpuBoostMode
0000000000022108 000000000000000c b g_appletLibraryAppletLaunchableEvent
0000000000022114 0000000000000001 b g_appletSuspendedTickInitialized
0000000000022118 0000000000000008 b g_appletSuspendedTick
0000000000022120 0000000000000008 b g_appletInitTickBase
0000000000022128 000000000000000c b g_appletSuspendedTickEvent
0000000000022134 0000000000000001 b g_appletCopyrightInitialized
0000000000022138 0000000000000028 b g_appletCopyrightTmem
0000000000022160 0000000000000004 b g_appletRecordingInitialized
0000000000022168 0000000000000028 b g_appletRecordingTmem
0000000000022190 0000000000000018 b g_appletFirstHook
00000000000221a8 0000000000000001 b g_appletNotifiedRunning
00000000000221a9 0000000000000001 b g_appletFocusState
00000000000221ac 0000000000000004 b g_appletPerformanceMode
00000000000221b0 0000000000000001 b g_appletOperationMode
00000000000221b8 0000000000000008 b g_appletResourceUserId
00000000000221c0 000000000000000c b g_appletMessageEvent
00000000000221d0 0000000000000010 b g_appletIDebugFunctions
00000000000221e0 0000000000000010 b g_appletIDisplayController
00000000000221f0 0000000000000010 b g_appletIAudioController
0000000000022200 0000000000000010 b g_appletIWindowController
0000000000022210 0000000000000010 b g_appletISelfController
0000000000022220 0000000000000010 b g_appletICommonStateGetter
0000000000022230 0000000000000010 b g_appletILibraryAppletCreator
0000000000022240 0000000000000010 b g_appletIProcessWindingController
0000000000022250 0000000000000010 b g_appletILibraryAppletSelfAccessor
0000000000022260 0000000000000010 b g_appletIApplicationCreator
0000000000022270 0000000000000010 b g_appletIGlobalStateController
0000000000022280 0000000000000010 b g_appletIFunctions
0000000000022290 0000000000000010 b g_appletIAppletCommonFunctions
00000000000222a0 0000000000000004 b g_appletExitProcessResult
00000000000222a4 0000000000000001 b g_appletExitProcessFlag
00000000000222a5 0000000000000001 b g_appletLeftInitialized
00000000000222a8 0000000000000010 b g_appletProxySession
00000000000222b8 0000000000000010 b g_appletSrv
00000000000222c8 0000000000000004 V __nx_applet_exit_mode
00000000000222d0 0000000000000008 V __nx_applet_PerformanceConfiguration
00000000000222d8 0000000000000080 V __nx_applet_AppletAttribute
0000000000022358 0000000000000008 b g_i2cGuard
0000000000022360 0000000000000010 b g_i2cSrv
0000000000022370 0000000000000008 b g_smGuard
0000000000022378 0000000000000008 b g_smOverridesNum
0000000000022380 0000000000000180 b g_smOverrides
0000000000022500 0000000000000010 b g_smSrv
0000000000022510 0000000000000008 b g_userIdStorage
0000000000022520 0000000000000010 b g_randomSeed
0000000000022530 0000000000000001 b g_hasRandomSeed
0000000000022534 0000000000000004 b g_lastLoadResult
0000000000022538 0000000000000008 b g_nextLoadArgv
0000000000022540 0000000000000008 b g_nextLoadPath
0000000000022548 0000000000000004 b g_processHandle
0000000000022550 0000000000000018 b g_syscallHints
0000000000022568 0000000000000008 b g_overrideArgv
0000000000022570 0000000000000008 b g_overrideHeapSize
0000000000022578 0000000000000008 b g_overrideHeapAddr
0000000000022580 0000000000000008 b g_loaderRetAddr
0000000000022588 0000000000000004 b g_mainThreadHandle
0000000000022590 0000000000000008 b g_loaderInfoSize
0000000000022598 0000000000000008 b g_loaderInfo
00000000000225a0 0000000000000001 b g_isNso
00000000000225a4 0000000000000004 b g_hosVersion
00000000000225a8 0000000000000001 b didFirstConsoleInit.0
00000000000225b0 0000000000000068 b escapeSeq
0000000000022618 0000000000000050 b currentCopy
0000000000022668 B __stack_top
0000000000022670 0000000000000001 b g_IsLegacyKernel
0000000000022678 0000000000000008 b g_Reservations
0000000000022680 0000000000000010 b g_StackRegion
0000000000022690 0000000000000010 b g_AslrRegion
00000000000226a0 0000000000000010 b g_HeapRegion
00000000000226b0 0000000000000010 b g_AliasRegion
00000000000226c0 0000000000000004 b g_VirtmemMutex
00000000000226c8 0000000000000008 b g_apmGuard
00000000000226d0 0000000000000010 b g_apmISession
00000000000226e0 0000000000000010 b g_apmSrv
00000000000226f0 0000000000000008 b g_hidGuard
00000000000226f8 0000000000000008 b g_sevenSixAxisSensorBuffer
0000000000022700 0000000000000020 b g_hidSharedmem
0000000000022720 0000000000000010 b g_hidIActiveVibrationDeviceList
0000000000022730 0000000000000010 b g_hidIAppletResource
0000000000022740 0000000000000010 b g_hidSrv
0000000000022750 0000000000000080 b g_defaultWin
00000000000227d0 0000000000000010 b g_viLayer
00000000000227e0 0000000000000050 b g_viDisplay
0000000000022830 0000000000000008 b g_argv_empty
0000000000022838 0000000000000008 B __system_argv
0000000000022840 0000000000000004 B __system_argc
0000000000022850 0000000000000340 B __nx_exceptiondump
0000000000022b90 0000000000000004 V __nx_exception_ignoredebug
0000000000022ba0 0000000000000400 V __nx_exception_stack
0000000000022fa0 0000000000000008 V __nx_heap_size
0000000000022fa8 0000000000000008 b __bootticks
0000000000022fb0 0000000000000008 b __boottime
0000000000022fb8 0000000000000004 V __nx_time_type
0000000000022fc0 0000000000000004 B __nxlink_host
0000000000022fd0 0000000000002800 b fsdev_fsdevices
00000000000257d0 0000000000000004 b fsdev_fsdevice_cwd
00000000000257d4 0000000000000001 b fsdev_initialised
00000000000257d8 0000000000000004 b g_randMutex
00000000000257dc 0000000000000001 b g_randInit
00000000000257e0 0000000000000040 b g_chacha
0000000000025820 0000000000000038 b g_mainThread
0000000000025858 0000000000000008 b g_threadList
0000000000025860 0000000000000004 b g_threadMutex
0000000000025868 0000000000000008 b g_fsGuard
0000000000025870 0000000000000054 b g_fsSessionMgr
00000000000258c8 0000000000000010 b g_fsSrv
00000000000258d8 0000000000000008 b g_nvGuard
00000000000258e0 0000000000000028 b g_nvTransfermem
0000000000025908 0000000000000010 b g_nvSrvClone
0000000000025918 0000000000000010 b g_nvSrv
0000000000025928 0000000000000008 b g_setsysGuard
0000000000025930 0000000000000010 b g_setsysSrv
0000000000025940 0000000000000008 b g_timeGuard
0000000000025948 0000000000000020 b g_timeSharedmem
0000000000025968 0000000000000010 b g_timeLocalSystemClock
0000000000025978 0000000000000010 b g_timeTimeZoneService
0000000000025988 0000000000000010 b g_timeSteadyClock
0000000000025998 0000000000000010 b g_timeNetworkSystemClock
00000000000259a8 0000000000000010 b g_timeUserSystemClock
00000000000259b8 0000000000000010 b g_timeSrv
00000000000259c8 0000000000000004 V __nx_time_service_type
00000000000259d0 0000000000000008 b g_viGuard
00000000000259d8 0000000000000010 b g_viIHOSBinderDriverIndirect
00000000000259e8 0000000000000010 b g_viIManagerDisplayService
00000000000259f8 0000000000000010 b g_viISystemDisplayService
0000000000025a08 0000000000000010 b g_viIHOSBinderDriverRelay
0000000000025a18 0000000000000010 b g_viIApplicationDisplayService
0000000000025a28 0000000000000010 b g_viRootService
0000000000025a38 0000000000000008 V __nx_vi_layer_id
0000000000025a40 0000000000000008 b g_nvFenceGuard
0000000000025a48 0000000000000300 b g_NvEvents
0000000000025d48 0000000000000008 b g_NvEventUsedMask
0000000000025d50 0000000000000008 b g_nvMapGuard
0000000000025d58 000000000000000c b __sfp_recursive_mutex
0000000000025d68 0000000000000228 B __sf
0000000000025f90 0000000000000008 B __stdio_exit_handler
0000000000025f98 0000000000000050 B __malloc_current_mallinfo
0000000000025fe8 0000000000000008 B __malloc_max_total_mem
0000000000025ff0 0000000000000008 B __malloc_max_sbrked_mem
0000000000025ff8 0000000000000008 B __malloc_top_pad
0000000000026000 000000000000000c b __malloc_recursive_mutex
000000000002600c 0000000000000004 b alloced.0
0000000000026010 000000000000000c b __env_recursive_mutex
0000000000026020 0000000000000008 b initial_env
0000000000026030 0000000000000400 b temp_cwd
0000000000026430 0000000000000004 b __hndl_lock
0000000000026438 0000000000000008 B fake_heap_start
0000000000026440 0000000000000008 B fake_heap_end
0000000000026448 0000000000000008 b heap_start.0
0000000000026450 b __tls_start
0000000000026860 b __bss_end__
0000000000026860 b __end__
0000000000026860 b __tls_end
0000000000027000 b __argdata__
